-------------------------------------------------------------------------------
Test set: cardRPG.ServerCardRpgApplicationTests
-------------------------------------------------------------------------------
Tests run: 1, Failures: 0, Errors: 1, Skipped: 0, Time elapsed: 0.294 s <<< FAILURE! - in cardRPG.ServerCardRpgApplicationTests
cardRPG.ServerCardRpgApplicationTests  Time elapsed: 0.293 s  <<< ERROR!
java.lang.IllegalStateException: Unable to find a @SpringBootConfiguration, you need to use @ContextConfiguration or @SpringBootTest(classes=...) with your test

