<?xml version="1.0" encoding="UTF-8"?>
<testsuite xmlns:xsi="http://www.w3.org/2001/XMLSchema-instance" xsi:noNamespaceSchemaLocation="https://maven.apache.org/surefire/maven-surefire-plugin/xsd/surefire-test-report.xsd" name="cardRPG.ServerCardRpgApplicationTests" time="0.294" tests="1" errors="1" skipped="0" failures="0">
  <properties>
[...]
</properties>
  <testcase name="cardRPG.ServerCardRpgApplicationTests" classname="cardRPG.ServerCardRpgApplicationTests" time="0.293">
    <error message="Unable to find a @SpringBootConfiguration, you need to use @ContextConfiguration or @SpringBootTest(classes=...) with your test" type="java.lang.IllegalStateException">java.lang.IllegalStateException: Unable to find a @SpringBootConfiguration, you need to use @ContextConfiguration or @SpringBootTest(classes=...) with your test
</error>
    <system-out><![CDATA[10:00:11.321 [main] DEBUG org.springframework.test.context.BootstrapUtils - Instantiating CacheAwareContextLoaderDelegate from class [org.springframework.test.context.cache.DefaultCacheAwareContextLoaderDelegate]
10:00:11.336 [main] DEBUG org.springframework.test.context.BootstrapUtils - Instantiating BootstrapContext using constructor [public org.springframework.test.context.support.DefaultBootstrapContext(java.lang.Class,org.springframework.test.context.CacheAwareContextLoaderDelegate)]
10:00:11.377 [main] DEBUG org.springframework.test.context.BootstrapUtils - Instantiating TestContextBootstrapper for test class [cardRPG.ServerCardRpgApplicationTests] from class [org.springframework.boot.test.context.SpringBootTestContextBootstrapper]
10:00:11.390 [main] INFO org.springframework.boot.test.context.SpringBootTestContextBootstrapper - Neither @ContextConfiguration nor @ContextHierarchy found for test class [cardRPG.ServerCardRpgApplicationTests], using SpringBootContextLoader
10:00:11.394 [main] DEBUG org.springframework.test.context.support.AbstractContextLoader - Did not detect default resource location for test class [cardRPG.ServerCardRpgApplicationTests]: class path resource [cardRPG/ServerCardRpgApplicationTests-context.xml] does not exist
10:00:11.395 [main] DEBUG org.springframework.test.context.support.AbstractContextLoader - Did not detect default resource location for test class [cardRPG.ServerCardRpgApplicationTests]: class path resource [cardRPG/ServerCardRpgApplicationTestsContext.groovy] does not exist
10:00:11.395 [main] INFO org.springframework.test.context.support.AbstractContextLoader - Could not detect default resource locations for test class [cardRPG.ServerCardRpgApplicationTests]: no resource found for suffixes {-context.xml, Context.groovy}.
10:00:11.396 [main] INFO org.springframework.test.context.support.AnnotationConfigContextLoaderUtils - Could not detect default configuration classes for test class [cardRPG.ServerCardRpgApplicationTests]: ServerCardRpgApplicationTests does not declare any static, non-private, non-final, nested classes annotated with @Configuration.
10:00:11.442 [main] DEBUG org.springframework.test.context.support.ActiveProfilesUtils - Could not find an 'annotation declaring class' for annotation type [org.springframework.test.context.ActiveProfiles] and class [cardRPG.ServerCardRpgApplicationTests]
]]></system-out>
  </testcase>
</testsuite>